# JRE version: Java(TM) SE Runtime Environment (8.0_111-b14) (build 1.8.0_111-b14)
# Java VM: Java HotSpot(TM) 64-Bit Server VM (25.111-b14 mixed mode windows-amd64 compressed oops)
Heap:
 PSYoungGen      total 257536K, used 102752K [0x00000000e0000000, 0x00000000f5280000, 0x0000000100000000)
  eden space 236032K, 34% used [0x00000000e0000000,0x00000000e4f5e188,0x00000000ee680000)
  from space 21504K, 99% used [0x00000000ee680000,0x00000000efb79f48,0x00000000efb80000)
  to   space 24576K, 0% used [0x00000000f3a80000,0x00000000f3a80000,0x00000000f5280000)
 ParOldGen       total 156160K, used 41994K [0x00000000a0000000, 0x00000000a9880000, 0x00000000e0000000)
  object space 156160K, 26% used [0x00000000a0000000,0x00000000a2902b90,0x00000000a9880000)
 Metaspace       used 66992K, capacity 69352K, committed 69632K, reserved 1110016K
  class space    used 9299K, capacity 9877K, committed 9984K, reserved 1048576K
GC Heap History (10 events):
Event: 8.940 GC heap before
{Heap before GC invocations=12 (full 2):
 PSYoungGen      total 166400K, used 166375K [0x00000000e0000000, 0x00000000edd00000, 0x0000000100000000)
  eden space 152064K, 100% used [0x00000000e0000000,0x00000000e9480000,0x00000000e9480000)
  from space 14336K, 99% used [0x00000000e9480000,0x00000000ea279dd8,0x00000000ea280000)
  to   space 18432K, 0% used [0x00000000ecb00000,0x00000000ecb00000,0x00000000edd00000)
 ParOldGen       total 99840K, used 23669K [0x00000000a0000000, 0x00000000a6180000, 0x00000000e0000000)
  object space 99840K, 23% used [0x00000000a0000000,0x00000000a171d508,0x00000000a6180000)
 Metaspace       used 52861K, capacity 54228K, committed 54528K, reserved 1095680K
  class space    used 7204K, capacity 7559K, committed 7680K, reserved 1048576K
Event: 8.967 GC heap after
Heap after GC invocations=12 (full 2):
 PSYoungGen      total 204800K, used 18401K [0x00000000e0000000, 0x00000000ee500000, 0x0000000100000000)
  eden space 186368K, 0% used [0x00000000e0000000,0x00000000e0000000,0x00000000eb600000)
  from space 18432K, 99% used [0x00000000ecb00000,0x00000000edcf87e0,0x00000000edd00000)
  to   space 21504K, 0% used [0x00000000eb600000,0x00000000eb600000,0x00000000ecb00000)
 ParOldGen       total 99840K, used 25937K [0x00000000a0000000, 0x00000000a6180000, 0x00000000e0000000)
  object space 99840K, 25% used [0x00000000a0000000,0x00000000a1954760,0x00000000a6180000)
 Metaspace       used 52861K, capacity 54228K, committed 54528K, reserved 1095680K
  class space    used 7204K, capacity 7559K, committed 7680K, reserved 1048576K
}
Event: 9.881 GC heap before
{Heap before GC invocations=13 (full 2):
 PSYoungGen      total 204800K, used 204769K [0x00000000e0000000, 0x00000000ee500000, 0x0000000100000000)
  eden space 186368K, 100% used [0x00000000e0000000,0x00000000eb600000,0x00000000eb600000)
  from space 18432K, 99% used [0x00000000ecb00000,0x00000000edcf87e0,0x00000000edd00000)
  to   space 21504K, 0% used [0x00000000eb600000,0x00000000eb600000,0x00000000ecb00000)
 ParOldGen       total 99840K, used 25937K [0x00000000a0000000, 0x00000000a6180000, 0x00000000e0000000)
  object space 99840K, 25% used [0x00000000a0000000,0x00000000a1954760,0x00000000a6180000)
 Metaspace       used 53947K, capacity 55342K, committed 55552K, reserved 1097728K
  class space    used 7294K, capacity 7666K, committed 7680K, reserved 1048576K
Event: 9.900 GC heap after
Heap after GC invocations=13 (full 2):
 PSYoungGen      total 207872K, used 12769K [0x00000000e0000000, 0x00000000f1080000, 0x0000000100000000)
  eden space 186368K, 0% used [0x00000000e0000000,0x00000000e0000000,0x00000000eb600000)
  from space 21504K, 59% used [0x00000000eb600000,0x00000000ec278508,0x00000000ecb00000)
  to   space 21504K, 0% used [0x00000000efb80000,0x00000000efb80000,0x00000000f1080000)
 ParOldGen       total 99840K, used 37850K [0x00000000a0000000, 0x00000000a6180000, 0x00000000e0000000)
  object space 99840K, 37% used [0x00000000a0000000,0x00000000a24f6b28,0x00000000a6180000)
 Metaspace       used 53947K, capacity 55342K, committed 55552K, reserved 1097728K
  class space    used 7294K, capacity 7666K, committed 7680K, reserved 1048576K
}
Event: 10.430 GC heap before
{Heap before GC invocations=14 (full 2):
 PSYoungGen      total 207872K, used 62875K [0x00000000e0000000, 0x00000000f1080000, 0x0000000100000000)
  eden space 186368K, 26% used [0x00000000e0000000,0x00000000e30ee788,0x00000000eb600000)
  from space 21504K, 59% used [0x00000000eb600000,0x00000000ec278508,0x00000000ecb00000)
  to   space 21504K, 0% used [0x00000000efb80000,0x00000000efb80000,0x00000000f1080000)
 ParOldGen       total 99840K, used 37850K [0x00000000a0000000, 0x00000000a6180000, 0x00000000e0000000)
  object space 99840K, 37% used [0x00000000a0000000,0x00000000a24f6b28,0x00000000a6180000)
 Metaspace       used 57546K, capacity 59058K, committed 59160K, reserved 1099776K
  class space    used 7823K, capacity 8238K, committed 8320K, reserved 1048576K
Event: 10.441 GC heap after
Heap after GC invocations=14 (full 2):
 PSYoungGen      total 257536K, used 13057K [0x00000000e0000000, 0x00000000f1180000, 0x0000000100000000)
  eden space 236032K, 0% used [0x00000000e0000000,0x00000000e0000000,0x00000000ee680000)
  from space 21504K, 60% used [0x00000000efb80000,0x00000000f0840768,0x00000000f1080000)
  to   space 21504K, 0% used [0x00000000ee680000,0x00000000ee680000,0x00000000efb80000)
 ParOldGen       total 99840K, used 37858K [0x00000000a0000000, 0x00000000a6180000, 0x00000000e0000000)
  object space 99840K, 37% used [0x00000000a0000000,0x00000000a24f8b28,0x00000000a6180000)
 Metaspace       used 57546K, capacity 59058K, committed 59160K, reserved 1099776K
  class space    used 7823K, capacity 8238K, committed 8320K, reserved 1048576K
}
Event: 10.441 GC heap before
{Heap before GC invocations=15 (full 3):
 PSYoungGen      total 257536K, used 13057K [0x00000000e0000000, 0x00000000f1180000, 0x0000000100000000)
  eden space 236032K, 0% used [0x00000000e0000000,0x00000000e0000000,0x00000000ee680000)
  from space 21504K, 60% used [0x00000000efb80000,0x00000000f0840768,0x00000000f1080000)
  to   space 21504K, 0% used [0x00000000ee680000,0x00000000ee680000,0x00000000efb80000)
 ParOldGen       total 99840K, used 37858K [0x00000000a0000000, 0x00000000a6180000, 0x00000000e0000000)
  object space 99840K, 37% used [0x00000000a0000000,0x00000000a24f8b28,0x00000000a6180000)
 Metaspace       used 57546K, capacity 59058K, committed 59160K, reserved 1099776K
  class space    used 7823K, capacity 8238K, committed 8320K, reserved 1048576K
Event: 10.668 GC heap after
Heap after GC invocations=15 (full 3):
 PSYoungGen      total 257536K, used 0K [0x00000000e0000000, 0x00000000f1180000, 0x0000000100000000)
  eden space 236032K, 0% used [0x00000000e0000000,0x00000000e0000000,0x00000000ee680000)
  from space 21504K, 0% used [0x00000000efb80000,0x00000000efb80000,0x00000000f1080000)
  to   space 21504K, 0% used [0x00000000ee680000,0x00000000ee680000,0x00000000efb80000)
 ParOldGen       total 156160K, used 40355K [0x00000000a0000000, 0x00000000a9880000, 0x00000000e0000000)
  object space 156160K, 25% used [0x00000000a0000000,0x00000000a2768e20,0x00000000a9880000)
 Metaspace       used 57530K, capacity 59004K, committed 59160K, reserved 1099776K
  class space    used 7818K, capacity 8229K, committed 8320K, reserved 1048576K
}
Event: 14.791 GC heap before
{Heap before GC invocations=16 (full 3):
 PSYoungGen      total 257536K, used 236032K [0x00000000e0000000, 0x00000000f1180000, 0x0000000100000000)
  eden space 236032K, 100% used [0x00000000e0000000,0x00000000ee680000,0x00000000ee680000)
  from space 21504K, 0% used [0x00000000efb80000,0x00000000efb80000,0x00000000f1080000)
  to   space 21504K, 0% used [0x00000000ee680000,0x00000000ee680000,0x00000000efb80000)
 ParOldGen       total 156160K, used 40355K [0x00000000a0000000, 0x00000000a9880000, 0x00000000e0000000)
  object space 156160K, 25% used [0x00000000a0000000,0x00000000a2768e20,0x00000000a9880000)
 Metaspace       used 66407K, capacity 68668K, committed 68992K, reserved 1107968K
  class space    used 9199K, capacity 9732K, committed 9856K, reserved 1048576K
Event: 14.966 GC heap after
Heap after GC invocations=16 (full 3):
 PSYoungGen      total 257536K, used 21479K [0x00000000e0000000, 0x00000000f5280000, 0x0000000100000000)
  eden space 236032K, 0% used [0x00000000e0000000,0x00000000e0000000,0x00000000ee680000)
  from space 21504K, 99% used [0x00000000ee680000,0x00000000efb79f48,0x00000000efb80000)
  to   space 24576K, 0% used [0x00000000f3a80000,0x00000000f3a80000,0x00000000f5280000)
 ParOldGen       total 156160K, used 41994K [0x00000000a0000000, 0x00000000a9880000, 0x00000000e0000000)
  object space 156160K, 26% used [0x00000000a0000000,0x00000000a2902b90,0x00000000a9880000)
 Metaspace       used 66407K, capacity 68668K, committed 68992K, reserved 1107968K
  class space    used 9199K, capacity 9732K, committed 9856K, reserved 1048576K
}

