# JRE version: Java(TM) SE Runtime Environment (8.0_111-b14) (build 1.8.0_111-b14)
# Java VM: Java HotSpot(TM) 64-Bit Server VM (25.111-b14 mixed mode windows-amd64 compressed oops)
Heap:
 PSYoungGen      total 188416K, used 13808K [0x00000000e0000000, 0x00000000ed880000, 0x0000000100000000)
  eden space 174592K, 0% used [0x00000000e0000000,0x00000000e0000000,0x00000000eaa80000)
  from space 13824K, 99% used [0x00000000eaa80000,0x00000000eb7fc020,0x00000000eb800000)
  to   space 22528K, 0% used [0x00000000ec280000,0x00000000ec280000,0x00000000ed880000)
 ParOldGen       total 136192K, used 136114K [0x00000000a0000000, 0x00000000a8500000, 0x00000000e0000000)
  object space 136192K, 99% used [0x00000000a0000000,0x00000000a84ec888,0x00000000a8500000)
 Metaspace       used 99989K, capacity 104084K, committed 104576K, reserved 1140736K
  class space    used 13129K, capacity 13945K, committed 14208K, reserved 1048576K
GC Heap History (10 events):
Event: 2649.213 GC heap after
Heap after GC invocations=56 (full 5):
 PSYoungGen      total 145408K, used 6063K [0x00000000e0000000, 0x00000000eb200000, 0x0000000100000000)
  eden space 131584K, 0% used [0x00000000e0000000,0x00000000e0000000,0x00000000e8080000)
  from space 13824K, 43% used [0x00000000e8080000,0x00000000e866bfe8,0x00000000e8e00000)
  to   space 13312K, 0% used [0x00000000ea500000,0x00000000ea500000,0x00000000eb200000)
 ParOldGen       total 136192K, used 106709K [0x00000000a0000000, 0x00000000a8500000, 0x00000000e0000000)
  object space 136192K, 78% used [0x00000000a0000000,0x00000000a6835418,0x00000000a8500000)
 Metaspace       used 98356K, capacity 101878K, committed 102272K, reserved 1138688K
  class space    used 12934K, capacity 13696K, committed 13952K, reserved 1048576K
}
Event: 2650.412 GC heap before
{Heap before GC invocations=57 (full 5):
 PSYoungGen      total 145408K, used 137647K [0x00000000e0000000, 0x00000000eb200000, 0x0000000100000000)
  eden space 131584K, 100% used [0x00000000e0000000,0x00000000e8080000,0x00000000e8080000)
  from space 13824K, 43% used [0x00000000e8080000,0x00000000e866bfe8,0x00000000e8e00000)
  to   space 13312K, 0% used [0x00000000ea500000,0x00000000ea500000,0x00000000eb200000)
 ParOldGen       total 136192K, used 106709K [0x00000000a0000000, 0x00000000a8500000, 0x00000000e0000000)
  object space 136192K, 78% used [0x00000000a0000000,0x00000000a6835418,0x00000000a8500000)
 Metaspace       used 98484K, capacity 102162K, committed 102528K, reserved 1138688K
  class space    used 12948K, capacity 13722K, committed 13952K, reserved 1048576K
Event: 2650.431 GC heap after
Heap after GC invocations=57 (full 5):
 PSYoungGen      total 168960K, used 7664K [0x00000000e0000000, 0x00000000eb280000, 0x0000000100000000)
  eden space 155648K, 0% used [0x00000000e0000000,0x00000000e0000000,0x00000000e9800000)
  from space 13312K, 57% used [0x00000000ea500000,0x00000000eac7c020,0x00000000eb200000)
  to   space 13312K, 0% used [0x00000000e9800000,0x00000000e9800000,0x00000000ea500000)
 ParOldGen       total 136192K, used 111751K [0x00000000a0000000, 0x00000000a8500000, 0x00000000e0000000)
  object space 136192K, 82% used [0x00000000a0000000,0x00000000a6d21c70,0x00000000a8500000)
 Metaspace       used 98484K, capacity 102162K, committed 102528K, reserved 1138688K
  class space    used 12948K, capacity 13722K, committed 13952K, reserved 1048576K
}
Event: 4489.924 GC heap before
{Heap before GC invocations=58 (full 5):
 PSYoungGen      total 168960K, used 163312K [0x00000000e0000000, 0x00000000eb280000, 0x0000000100000000)
  eden space 155648K, 100% used [0x00000000e0000000,0x00000000e9800000,0x00000000e9800000)
  from space 13312K, 57% used [0x00000000ea500000,0x00000000eac7c020,0x00000000eb200000)
  to   space 13312K, 0% used [0x00000000e9800000,0x00000000e9800000,0x00000000ea500000)
 ParOldGen       total 136192K, used 111751K [0x00000000a0000000, 0x00000000a8500000, 0x00000000e0000000)
  object space 136192K, 82% used [0x00000000a0000000,0x00000000a6d21c70,0x00000000a8500000)
 Metaspace       used 98766K, capacity 102648K, committed 103040K, reserved 1138688K
  class space    used 12977K, capacity 13771K, committed 13952K, reserved 1048576K
Event: 4489.966 GC heap after
Heap after GC invocations=58 (full 5):
 PSYoungGen      total 168960K, used 11503K [0x00000000e0000000, 0x00000000ecf00000, 0x0000000100000000)
  eden space 155648K, 0% used [0x00000000e0000000,0x00000000e0000000,0x00000000e9800000)
  from space 13312K, 86% used [0x00000000e9800000,0x00000000ea33bff8,0x00000000ea500000)
  to   space 14336K, 0% used [0x00000000ec100000,0x00000000ec100000,0x00000000ecf00000)
 ParOldGen       total 136192K, used 116798K [0x00000000a0000000, 0x00000000a8500000, 0x00000000e0000000)
  object space 136192K, 85% used [0x00000000a0000000,0x00000000a720fb50,0x00000000a8500000)
 Metaspace       used 98766K, capacity 102648K, committed 103040K, reserved 1138688K
  class space    used 12977K, capacity 13771K, committed 13952K, reserved 1048576K
}
Event: 5150.770 GC heap before
{Heap before GC invocations=59 (full 5):
 PSYoungGen      total 168960K, used 167151K [0x00000000e0000000, 0x00000000ecf00000, 0x0000000100000000)
  eden space 155648K, 100% used [0x00000000e0000000,0x00000000e9800000,0x00000000e9800000)
  from space 13312K, 86% used [0x00000000e9800000,0x00000000ea33bff8,0x00000000ea500000)
  to   space 14336K, 0% used [0x00000000ec100000,0x00000000ec100000,0x00000000ecf00000)
 ParOldGen       total 136192K, used 116798K [0x00000000a0000000, 0x00000000a8500000, 0x00000000e0000000)
  object space 136192K, 85% used [0x00000000a0000000,0x00000000a720fb50,0x00000000a8500000)
 Metaspace       used 99091K, capacity 103246K, committed 103680K, reserved 1138688K
  class space    used 13014K, capacity 13838K, committed 14080K, reserved 1048576K
Event: 5150.786 GC heap after
Heap after GC invocations=59 (full 5):
 PSYoungGen      total 154112K, used 4288K [0x00000000e0000000, 0x00000000ec580000, 0x0000000100000000)
  eden space 149504K, 0% used [0x00000000e0000000,0x00000000e0000000,0x00000000e9200000)
  from space 4608K, 93% used [0x00000000ec100000,0x00000000ec530000,0x00000000ec580000)
  to   space 13824K, 0% used [0x00000000eaa80000,0x00000000eaa80000,0x00000000eb800000)
 ParOldGen       total 136192K, used 118358K [0x00000000a0000000, 0x00000000a8500000, 0x00000000e0000000)
  object space 136192K, 86% used [0x00000000a0000000,0x00000000a7395b68,0x00000000a8500000)
 Metaspace       used 99091K, capacity 103246K, committed 103680K, reserved 1138688K
  class space    used 13014K, capacity 13838K, committed 14080K, reserved 1048576K
}
Event: 5152.375 GC heap before
{Heap before GC invocations=60 (full 5):
 PSYoungGen      total 154112K, used 153792K [0x00000000e0000000, 0x00000000ec580000, 0x0000000100000000)
  eden space 149504K, 100% used [0x00000000e0000000,0x00000000e9200000,0x00000000e9200000)
  from space 4608K, 93% used [0x00000000ec100000,0x00000000ec530000,0x00000000ec580000)
  to   space 13824K, 0% used [0x00000000eaa80000,0x00000000eaa80000,0x00000000eb800000)
 ParOldGen       total 136192K, used 118358K [0x00000000a0000000, 0x00000000a8500000, 0x00000000e0000000)
  object space 136192K, 86% used [0x00000000a0000000,0x00000000a7395b68,0x00000000a8500000)
 Metaspace       used 99989K, capacity 104084K, committed 104576K, reserved 1140736K
  class space    used 13129K, capacity 13945K, committed 14208K, reserved 1048576K
Event: 5152.408 GC heap after
Heap after GC invocations=60 (full 5):
 PSYoungGen      total 188416K, used 13808K [0x00000000e0000000, 0x00000000ed880000, 0x0000000100000000)
  eden space 174592K, 0% used [0x00000000e0000000,0x00000000e0000000,0x00000000eaa80000)
  from space 13824K, 99% used [0x00000000eaa80000,0x00000000eb7fc020,0x00000000eb800000)
  to   space 22528K, 0% used [0x00000000ec280000,0x00000000ec280000,0x00000000ed880000)
 ParOldGen       total 136192K, used 136114K [0x00000000a0000000, 0x00000000a8500000, 0x00000000e0000000)
  object space 136192K, 99% used [0x00000000a0000000,0x00000000a84ec888,0x00000000a8500000)
 Metaspace       used 99989K, capacity 104084K, committed 104576K, reserved 1140736K
  class space    used 13129K, capacity 13945K, committed 14208K, reserved 1048576K
}
Event: 5152.408 GC heap before
{Heap before GC invocations=61 (full 6):
 PSYoungGen      total 188416K, used 13808K [0x00000000e0000000, 0x00000000ed880000, 0x0000000100000000)
  eden space 174592K, 0% used [0x00000000e0000000,0x00000000e0000000,0x00000000eaa80000)
  from space 13824K, 99% used [0x00000000eaa80000,0x00000000eb7fc020,0x00000000eb800000)
  to   space 22528K, 0% used [0x00000000ec280000,0x00000000ec280000,0x00000000ed880000)
 ParOldGen       total 136192K, used 136114K [0x00000000a0000000, 0x00000000a8500000, 0x00000000e0000000)
  object space 136192K, 99% used [0x00000000a0000000,0x00000000a84ec888,0x00000000a8500000)
 Metaspace       used 99989K, capacity 104084K, committed 104576K, reserved 1140736K
  class space    used 13129K, capacity 13945K, committed 14208K, reserved 1048576K

